<?xml version="1.0" encoding="UTF-8"?>
<testsuite xmlns:xsi="http://www.w3.org/2001/XMLSchema-instance" xsi:noNamespaceSchemaLocation="https://maven.apache.org/surefire/maven-surefire-plugin/xsd/surefire-test-report.xsd" version="3.0.2" name="elokuvakirjasto.harjoitustyo.GenreRepositoryTest" time="3.397" tests="1" errors="0" skipped="0" failures="0">
  <properties>
[...]
</properties>
  <testcase name="saveGenreTest" classname="elokuvakirjasto.harjoitustyo.GenreRepositoryTest" time="0.352">
    <system-out><![CDATA[17:42:56.131 [main] INFO org.springframework.test.context.support.AnnotationConfigContextLoaderUtils -- Could not detect default configuration classes for test class [elokuvakirjasto.harjoitustyo.GenreRepositoryTest]: GenreRepositoryTest does not declare any static, non-private, non-final, nested classes annotated with @Configuration.
17:42:56.287 [main] INFO org.springframework.boot.test.context.SpringBootTestContextBootstrapper -- Found @SpringBootConfiguration elokuvakirjasto.harjoitustyo.HarjoitustyoApplication for test class elokuvakirjasto.harjoitustyo.GenreRepositoryTest
17:42:56.432 [main] INFO org.springframework.boot.devtools.restart.RestartApplicationListener -- Restart disabled due to context in which it is running

  .   ____          _            __ _ _
 /\\ / ___'_ __ _ _(_)_ __  __ _ \ \ \ \
( ( )\___ | '_ | '_| | '_ \/ _` | \ \ \ \
 \\/  ___)| |_)| | | | | || (_| |  ) ) ) )
  '  |____| .__|_| |_|_| |_\__, | / / / /
 =========|_|==============|___/=/_/_/_/

 :: Spring Boot ::                (v3.5.7)

2025-11-07T17:42:56.866+02:00  INFO 10246 --- [harjoitustyo] [           main] e.harjoitustyo.GenreRepositoryTest       : Starting GenreRepositoryTest using Java 22.0.2 with PID 10246 (started by nina in /Users/nina/Documents/9/School/Syksy25/HH.be./harjoitustyo)
2025-11-07T17:42:56.867+02:00  INFO 10246 --- [harjoitustyo] [           main] e.harjoitustyo.GenreRepositoryTest       : No active profile set, falling back to 1 default profile: "default"
2025-11-07T17:42:57.349+02:00  INFO 10246 --- [harjoitustyo] [           main] .s.d.r.c.RepositoryConfigurationDelegate : Bootstrapping Spring Data JPA repositories in DEFAULT mode.
2025-11-07T17:42:57.393+02:00  INFO 10246 --- [harjoitustyo] [           main] .s.d.r.c.RepositoryConfigurationDelegate : Finished Spring Data repository scanning in 34 ms. Found 2 JPA repository interfaces.
2025-11-07T17:42:57.454+02:00  INFO 10246 --- [harjoitustyo] [           main] beddedDataSourceBeanFactoryPostProcessor : Replacing 'dataSource' DataSource bean with embedded version
2025-11-07T17:42:57.567+02:00  INFO 10246 --- [harjoitustyo] [           main] o.s.j.d.e.EmbeddedDatabaseFactory        : Starting embedded database: url='jdbc:h2:mem:720b0add-464a-4faf-8e33-2a7379908c2d;DB_CLOSE_DELAY=-1;DB_CLOSE_ON_EXIT=false', username='sa'
2025-11-07T17:42:57.751+02:00  INFO 10246 --- [harjoitustyo] [           main] o.hibernate.jpa.internal.util.LogHelper  : HHH000204: Processing PersistenceUnitInfo [name: default]
2025-11-07T17:42:57.794+02:00  INFO 10246 --- [harjoitustyo] [           main] org.hibernate.Version                    : HHH000412: Hibernate ORM core version 6.6.33.Final
2025-11-07T17:42:57.822+02:00  INFO 10246 --- [harjoitustyo] [           main] o.h.c.internal.RegionFactoryInitiator    : HHH000026: Second-level cache disabled
2025-11-07T17:42:58.007+02:00  INFO 10246 --- [harjoitustyo] [           main] o.s.o.j.p.SpringPersistenceUnitInfo      : No LoadTimeWeaver setup: ignoring JPA class transformer
2025-11-07T17:42:58.054+02:00  INFO 10246 --- [harjoitustyo] [           main] org.hibernate.orm.connections.pooling    : HHH10001005: Database info:
	Database JDBC URL [Connecting through datasource 'org.springframework.jdbc.datasource.embedded.EmbeddedDatabaseFactory$EmbeddedDataSourceProxy@72fb989b']
	Database driver: undefined/unknown
	Database version: 2.3.232
	Autocommit mode: undefined/unknown
	Isolation level: undefined/unknown
	Minimum pool size: undefined/unknown
	Maximum pool size: undefined/unknown
Hibernate: create global temporary table HTE_movie(release_year integer, rn_ integer not null, genre_id bigint, id bigint, rating float(53), director varchar(255), title varchar(255), primary key (rn_)) TRANSACTIONAL
Hibernate: create global temporary table HTE_genre(rn_ integer not null, id bigint, description varchar(255), name varchar(255), primary key (rn_)) TRANSACTIONAL
2025-11-07T17:42:58.668+02:00  INFO 10246 --- [harjoitustyo] [           main] o.h.e.t.j.p.i.JtaPlatformInitiator       : HHH000489: No JTA platform available (set 'hibernate.transaction.jta.platform' to enable JTA platform integration)
Hibernate: drop table if exists genre cascade 
Hibernate: drop table if exists movie cascade 
Hibernate: drop sequence if exists genre_seq
Hibernate: drop sequence if exists movie_seq
Hibernate: create sequence genre_seq start with 1 increment by 50
Hibernate: create sequence movie_seq start with 1 increment by 50
Hibernate: create table genre (id bigint not null, description varchar(255), name varchar(255), primary key (id))
Hibernate: create table movie (rating float(53) not null check ((rating<=10) and (rating>=1)), release_year integer not null check ((release_year<=2025) and (release_year>=1900)), genre_id bigint not null, id bigint not null, director varchar(255) not null, title varchar(255) not null, primary key (id))
Hibernate: alter table if exists movie add constraint FK2ggat6246891h4goynp4h9lk5 foreign key (genre_id) references genre
2025-11-07T17:42:58.703+02:00  INFO 10246 --- [harjoitustyo] [           main] j.LocalContainerEntityManagerFactoryBean : Initialized JPA EntityManagerFactory for persistence unit 'default'
2025-11-07T17:42:58.969+02:00  INFO 10246 --- [harjoitustyo] [           main] e.harjoitustyo.GenreRepositoryTest       : Started GenreRepositoryTest in 2.559 seconds (process running for 3.481)
2025-11-07T17:42:58.971+02:00  INFO 10246 --- [harjoitustyo] [           main] e.harjoitustyo.HarjoitustyoApplication   : Save genres
Hibernate: select next value for genre_seq
Hibernate: insert into genre (description,name,id) values (?,?,?)
Hibernate: select next value for genre_seq
Hibernate: insert into genre (description,name,id) values (?,?,?)
Hibernate: insert into genre (description,name,id) values (?,?,?)
Hibernate: insert into genre (description,name,id) values (?,?,?)
Hibernate: insert into genre (description,name,id) values (?,?,?)
2025-11-07T17:42:59.028+02:00  INFO 10246 --- [harjoitustyo] [           main] e.harjoitustyo.HarjoitustyoApplication   : Save movies
Hibernate: select next value for movie_seq
Hibernate: insert into movie (director,genre_id,rating,release_year,title,id) values (?,?,?,?,?,?)
Hibernate: select next value for movie_seq
Hibernate: insert into movie (director,genre_id,rating,release_year,title,id) values (?,?,?,?,?,?)
Hibernate: insert into movie (director,genre_id,rating,release_year,title,id) values (?,?,?,?,?,?)
Hibernate: insert into movie (director,genre_id,rating,release_year,title,id) values (?,?,?,?,?,?)
Hibernate: insert into movie (director,genre_id,rating,release_year,title,id) values (?,?,?,?,?,?)
]]></system-out>
    <system-err><![CDATA[Mockito is currently self-attaching to enable the inline-mock-maker. This will no longer work in future releases of the JDK. Please add Mockito as an agent to your build as described in Mockito's documentation: https://javadoc.io/doc/org.mockito/mockito-core/latest/org.mockito/org/mockito/Mockito.html#0.3
WARNING: A Java agent has been loaded dynamically (/Users/nina/.m2/repository/net/bytebuddy/byte-buddy-agent/1.17.8/byte-buddy-agent-1.17.8.jar)
WARNING: If a serviceability tool is in use, please run with -XX:+EnableDynamicAgentLoading to hide this warning
WARNING: If a serviceability tool is not in use, please run with -Djdk.instrument.traceUsage for more information
WARNING: Dynamic loading of agents will be disallowed by default in a future release
]]></system-err>
  </testcase>
</testsuite>